<?xml version="1.0" encoding="UTF-8"?>
<!-- Generated by org.testng.reporters.JUnitReportReporter -->
<testsuite hostname="GW-DK-031.local" failures="0" tests="1" name="com.cowork.runner.TestRunner" time="22.188" errors="0" timestamp="1 Jun 2018 12:32:45 GMT">
  <testcase classname="com.cowork.runner.TestRunner" name="feature" time="22.188"/>
</testsuite> <!-- com.cowork.runner.TestRunner -->
