<?xml version="1.0" encoding="UTF-8"?>
<!-- Generated by org.testng.reporters.JUnitReportReporter -->
<testsuite hostname="GW-DK-031.local" failures="0" tests="3" name="com.appium.tests.Test2" time="100.295" errors="0" timestamp="18 May 2018 09:56:24 GMT" skipped="2">
  <testcase classname="com.appium.tests.Test2" name="test_user_registration" time="100.295"/>
  <testcase classname="com.appium.tests.Test2" name="test_webview_for_html">
    <skipped/>
  </testcase> <!-- test_webview_for_html -->
  <testcase classname="com.appium.tests.Test2" name="test_webview_for_hello_user">
    <skipped/>
  </testcase> <!-- test_webview_for_hello_user -->
</testsuite> <!-- com.appium.tests.Test2 -->
