<?xml version="1.0" encoding="UTF-8"?>
<!-- Generated by org.testng.reporters.JUnitReportReporter -->
<testsuite hostname="GW-DK-031.local" failures="0" tests="6" name="com.appium.tests.Test1" time="50.707" errors="0" timestamp="30 Apr 2018 06:20:33 GMT" skipped="5">
  <testcase classname="com.appium.tests.Test1" name="test_auto_text" time="50.707"/>
  <testcase classname="com.appium.tests.Test1" name="test_mobile">
    <skipped/>
  </testcase> <!-- test_mobile -->
  <testcase classname="com.appium.tests.Test1" name="test_web_view">
    <skipped/>
  </testcase> <!-- test_web_view -->
  <testcase classname="com.appium.tests.Test1" name="test_swipe_vertical">
    <skipped/>
  </testcase> <!-- test_swipe_vertical -->
  <testcase classname="com.appium.tests.Test1" name="test_swipe_horizontal">
    <skipped/>
  </testcase> <!-- test_swipe_horizontal -->
  <testcase classname="com.appium.tests.Test1" name="test_OTP">
    <skipped/>
  </testcase> <!-- test_OTP -->
</testsuite> <!-- com.appium.tests.Test1 -->
